-------------------------------------------------------------------------------
Test set: com.stackroute.activitystream.test.MessageTest
-------------------------------------------------------------------------------
Tests run: 2, Failures: 1, Errors: 0, Skipped: 1, Time elapsed: 13.302 sec <<< FAILURE! - in com.stackroute.activitystream.test.MessageTest
sendMessageTestCase_Fail(com.stackroute.activitystream.test.MessageTest)  Time elapsed: 0.466 sec  <<< FAILURE!
java.lang.AssertionError: expected:<false> but was:<true>
	at org.junit.Assert.fail(Assert.java:88)
	at org.junit.Assert.failNotEquals(Assert.java:834)
	at org.junit.Assert.assertEquals(Assert.java:118)
	at org.junit.Assert.assertEquals(Assert.java:144)
	at com.stackroute.activitystream.test.MessageTest.sendMessageTestCase_Fail(MessageTest.java:66)

