<?xml version="1.0" encoding="UTF-8"?>
<testsuite name="com.stackroute.activitystream.test.CircleTest" time="0" tests="6" errors="0" skipped="6" failures="0">
  <properties>
[...]
</properties>
  <testcase name="removeCircleTestCase_Fail" classname="com.stackroute.activitystream.test.CircleTest" time="0">
    <skipped/>
    <system-out><![CDATA[14:58:27.889 [main] DEBUG org.springframework.test.context.junit4.SpringJUnit4ClassRunner - SpringJUnit4ClassRunner constructor called with [class com.stackroute.activitystream.test.CircleTest]
14:58:27.903 [main] DEBUG org.springframework.test.context.BootstrapUtils - Instantiating CacheAwareContextLoaderDelegate from class [org.springframework.test.context.cache.DefaultCacheAwareContextLoaderDelegate]
14:58:27.936 [main] DEBUG org.springframework.test.context.BootstrapUtils - Instantiating BootstrapContext using constructor [public org.springframework.test.context.support.DefaultBootstrapContext(java.lang.Class,org.springframework.test.context.CacheAwareContextLoaderDelegate)]
14:58:27.987 [main] DEBUG org.springframework.test.context.BootstrapUtils - Instantiating TestContextBootstrapper for test class [com.stackroute.activitystream.test.CircleTest] from class [org.springframework.boot.test.context.SpringBootTestContextBootstrapper]
14:58:28.019 [main] INFO org.springframework.boot.test.context.SpringBootTestContextBootstrapper - Neither @ContextConfiguration nor @ContextHierarchy found for test class [com.stackroute.activitystream.test.CircleTest], using SpringBootContextLoader
14:58:28.033 [main] DEBUG org.springframework.test.context.support.AbstractContextLoader - Did not detect default resource location for test class [com.stackroute.activitystream.test.CircleTest]: class path resource [com/stackroute/activitystream/test/CircleTest-context.xml] does not exist
14:58:28.035 [main] DEBUG org.springframework.test.context.support.AbstractContextLoader - Did not detect default resource location for test class [com.stackroute.activitystream.test.CircleTest]: class path resource [com/stackroute/activitystream/test/CircleTestContext.groovy] does not exist
14:58:28.036 [main] INFO org.springframework.test.context.support.AbstractContextLoader - Could not detect default resource locations for test class [com.stackroute.activitystream.test.CircleTest]: no resource found for suffixes {-context.xml, Context.groovy}.
14:58:28.161 [main] DEBUG org.springframework.test.context.support.ActiveProfilesUtils - Could not find an 'annotation declaring class' for annotation type [org.springframework.test.context.ActiveProfiles] and class [com.stackroute.activitystream.test.CircleTest]
14:58:28.210 [main] DEBUG org.springframework.boot.test.context.SpringBootTestContextBootstrapper - @TestExecutionListeners is not present for class [com.stackroute.activitystream.test.CircleTest]: using defaults.
14:58:28.220 [main] INFO org.springframework.boot.test.context.SpringBootTestContextBootstrapper - Loaded default TestExecutionListener class names from location [META-INF/spring.factories]: [org.springframework.boot.test.mock.mockito.MockitoTestExecutionListener, org.springframework.boot.test.mock.mockito.ResetMocksTestExecutionListener, org.springframework.boot.test.autoconfigure.restdocs.RestDocsTestExecutionListener, org.springframework.boot.test.autoconfigure.web.client.MockRestServiceServerResetTestExecutionListener, org.springframework.boot.test.autoconfigure.web.servlet.MockMvcPrintOnlyOnFailureTestExecutionListener, org.springframework.boot.test.autoconfigure.web.servlet.WebDriverTestExecutionListener, org.springframework.test.context.web.ServletTestExecutionListener, org.springframework.test.context.support.DirtiesContextBeforeModesTestExecutionListener, org.springframework.test.context.support.DependencyInjectionTestExecutionListener, org.springframework.test.context.support.DirtiesContextTestExecutionListener, org.springframework.test.context.transaction.TransactionalTestExecutionListener, org.springframework.test.context.jdbc.SqlScriptsTestExecutionListener]
14:58:28.288 [main] INFO org.springframework.boot.test.context.SpringBootTestContextBootstrapper - Using TestExecutionListeners: [org.springframework.test.context.web.ServletTestExecutionListener@b3d7190, org.springframework.test.context.support.DirtiesContextBeforeModesTestExecutionListener@5fdba6f9, org.springframework.boot.test.autoconfigure.SpringBootDependencyInjectionTestExecutionListener@10d59286, org.springframework.test.context.support.DirtiesContextTestExecutionListener@fe18270, org.springframework.test.context.transaction.TransactionalTestExecutionListener@6fb0d3ed, org.springframework.test.context.jdbc.SqlScriptsTestExecutionListener@6dde5c8c, org.springframework.boot.test.autoconfigure.web.client.MockRestServiceServerResetTestExecutionListener@5123a213, org.springframework.boot.test.autoconfigure.web.servlet.WebDriverTestExecutionListener@52525845, org.springframework.boot.test.mock.mockito.MockitoTestExecutionListener@3b94d659, org.springframework.boot.test.autoconfigure.web.servlet.MockMvcPrintOnlyOnFailureTestExecutionListener@24b1d79b, org.springframework.boot.test.mock.mockito.ResetMocksTestExecutionListener@68ceda24, org.springframework.boot.test.autoconfigure.restdocs.RestDocsTestExecutionListener@281e3708]
14:58:28.292 [main] DEBUG org.springframework.test.context.junit4.SpringJUnit4ClassRunner - SpringJUnit4ClassRunner constructor called with [class com.stackroute.activitystream.test.MessageTest]
14:58:28.292 [main] DEBUG org.springframework.test.context.BootstrapUtils - Instantiating CacheAwareContextLoaderDelegate from class [org.springframework.test.context.cache.DefaultCacheAwareContextLoaderDelegate]
14:58:28.293 [main] DEBUG org.springframework.test.context.BootstrapUtils - Instantiating BootstrapContext using constructor [public org.springframework.test.context.support.DefaultBootstrapContext(java.lang.Class,org.springframework.test.context.CacheAwareContextLoaderDelegate)]
14:58:28.294 [main] DEBUG org.springframework.test.context.BootstrapUtils - Instantiating TestContextBootstrapper for test class [com.stackroute.activitystream.test.MessageTest] from class [org.springframework.boot.test.context.SpringBootTestContextBootstrapper]
14:58:28.294 [main] INFO org.springframework.boot.test.context.SpringBootTestContextBootstrapper - Neither @ContextConfiguration nor @ContextHierarchy found for test class [com.stackroute.activitystream.test.MessageTest], using SpringBootContextLoader
14:58:28.296 [main] DEBUG org.springframework.test.context.support.AbstractContextLoader - Did not detect default resource location for test class [com.stackroute.activitystream.test.MessageTest]: class path resource [com/stackroute/activitystream/test/MessageTest-context.xml] does not exist
14:58:28.296 [main] DEBUG org.springframework.test.context.support.AbstractContextLoader - Did not detect default resource location for test class [com.stackroute.activitystream.test.MessageTest]: class path resource [com/stackroute/activitystream/test/MessageTestContext.groovy] does not exist
14:58:28.297 [main] INFO org.springframework.test.context.support.AbstractContextLoader - Could not detect default resource locations for test class [com.stackroute.activitystream.test.MessageTest]: no resource found for suffixes {-context.xml, Context.groovy}.
14:58:28.312 [main] DEBUG org.springframework.test.context.support.ActiveProfilesUtils - Could not find an 'annotation declaring class' for annotation type [org.springframework.test.context.ActiveProfiles] and class [com.stackroute.activitystream.test.MessageTest]
14:58:28.318 [main] DEBUG org.springframework.boot.test.context.SpringBootTestContextBootstrapper - @TestExecutionListeners is not present for class [com.stackroute.activitystream.test.MessageTest]: using defaults.
14:58:28.323 [main] INFO org.springframework.boot.test.context.SpringBootTestContextBootstrapper - Loaded default TestExecutionListener class names from location [META-INF/spring.factories]: [org.springframework.boot.test.mock.mockito.MockitoTestExecutionListener, org.springframework.boot.test.mock.mockito.ResetMocksTestExecutionListener, org.springframework.boot.test.autoconfigure.restdocs.RestDocsTestExecutionListener, org.springframework.boot.test.autoconfigure.web.client.MockRestServiceServerResetTestExecutionListener, org.springframework.boot.test.autoconfigure.web.servlet.MockMvcPrintOnlyOnFailureTestExecutionListener, org.springframework.boot.test.autoconfigure.web.servlet.WebDriverTestExecutionListener, org.springframework.test.context.web.ServletTestExecutionListener, org.springframework.test.context.support.DirtiesContextBeforeModesTestExecutionListener, org.springframework.test.context.support.DependencyInjectionTestExecutionListener, org.springframework.test.context.support.DirtiesContextTestExecutionListener, org.springframework.test.context.transaction.TransactionalTestExecutionListener, org.springframework.test.context.jdbc.SqlScriptsTestExecutionListener]
14:58:28.328 [main] INFO org.springframework.boot.test.context.SpringBootTestContextBootstrapper - Using TestExecutionListeners: [org.springframework.test.context.web.ServletTestExecutionListener@2df32bf7, org.springframework.test.context.support.DirtiesContextBeforeModesTestExecutionListener@530612ba, org.springframework.boot.test.autoconfigure.SpringBootDependencyInjectionTestExecutionListener@2a40cd94, org.springframework.test.context.support.DirtiesContextTestExecutionListener@f4168b8, org.springframework.test.context.transaction.TransactionalTestExecutionListener@3bd94634, org.springframework.test.context.jdbc.SqlScriptsTestExecutionListener@58a90037, org.springframework.boot.test.autoconfigure.web.client.MockRestServiceServerResetTestExecutionListener@74294adb, org.springframework.boot.test.autoconfigure.web.servlet.WebDriverTestExecutionListener@70a9f84e, org.springframework.boot.test.mock.mockito.MockitoTestExecutionListener@130f889, org.springframework.boot.test.autoconfigure.web.servlet.MockMvcPrintOnlyOnFailureTestExecutionListener@1188e820, org.springframework.boot.test.mock.mockito.ResetMocksTestExecutionListener@2f490758, org.springframework.boot.test.autoconfigure.restdocs.RestDocsTestExecutionListener@101df177]
14:58:28.332 [main] DEBUG org.springframework.test.context.junit4.SpringJUnit4ClassRunner - SpringJUnit4ClassRunner constructor called with [class com.stackroute.activitystream.test.UserCircleTest]
14:58:28.332 [main] DEBUG org.springframework.test.context.BootstrapUtils - Instantiating CacheAwareContextLoaderDelegate from class [org.springframework.test.context.cache.DefaultCacheAwareContextLoaderDelegate]
14:58:28.333 [main] DEBUG org.springframework.test.context.BootstrapUtils - Instantiating BootstrapContext using constructor [public org.springframework.test.context.support.DefaultBootstrapContext(java.lang.Class,org.springframework.test.context.CacheAwareContextLoaderDelegate)]
14:58:28.334 [main] DEBUG org.springframework.test.context.BootstrapUtils - Instantiating TestContextBootstrapper for test class [com.stackroute.activitystream.test.UserCircleTest] from class [org.springframework.boot.test.context.SpringBootTestContextBootstrapper]
14:58:28.336 [main] INFO org.springframework.boot.test.context.SpringBootTestContextBootstrapper - Neither @ContextConfiguration nor @ContextHierarchy found for test class [com.stackroute.activitystream.test.UserCircleTest], using SpringBootContextLoader
14:58:28.338 [main] DEBUG org.springframework.test.context.support.AbstractContextLoader - Did not detect default resource location for test class [com.stackroute.activitystream.test.UserCircleTest]: class path resource [com/stackroute/activitystream/test/UserCircleTest-context.xml] does not exist
14:58:28.339 [main] DEBUG org.springframework.test.context.support.AbstractContextLoader - Did not detect default resource location for test class [com.stackroute.activitystream.test.UserCircleTest]: class path resource [com/stackroute/activitystream/test/UserCircleTestContext.groovy] does not exist
14:58:28.340 [main] INFO org.springframework.test.context.support.AbstractContextLoader - Could not detect default resource locations for test class [com.stackroute.activitystream.test.UserCircleTest]: no resource found for suffixes {-context.xml, Context.groovy}.
14:58:28.371 [main] DEBUG org.springframework.test.context.support.ActiveProfilesUtils - Could not find an 'annotation declaring class' for annotation type [org.springframework.test.context.ActiveProfiles] and class [com.stackroute.activitystream.test.UserCircleTest]
14:58:28.376 [main] DEBUG org.springframework.boot.test.context.SpringBootTestContextBootstrapper - @TestExecutionListeners is not present for class [com.stackroute.activitystream.test.UserCircleTest]: using defaults.
14:58:28.381 [main] INFO org.springframework.boot.test.context.SpringBootTestContextBootstrapper - Loaded default TestExecutionListener class names from location [META-INF/spring.factories]: [org.springframework.boot.test.mock.mockito.MockitoTestExecutionListener, org.springframework.boot.test.mock.mockito.ResetMocksTestExecutionListener, org.springframework.boot.test.autoconfigure.restdocs.RestDocsTestExecutionListener, org.springframework.boot.test.autoconfigure.web.client.MockRestServiceServerResetTestExecutionListener, org.springframework.boot.test.autoconfigure.web.servlet.MockMvcPrintOnlyOnFailureTestExecutionListener, org.springframework.boot.test.autoconfigure.web.servlet.WebDriverTestExecutionListener, org.springframework.test.context.web.ServletTestExecutionListener, org.springframework.test.context.support.DirtiesContextBeforeModesTestExecutionListener, org.springframework.test.context.support.DependencyInjectionTestExecutionListener, org.springframework.test.context.support.DirtiesContextTestExecutionListener, org.springframework.test.context.transaction.TransactionalTestExecutionListener, org.springframework.test.context.jdbc.SqlScriptsTestExecutionListener]
14:58:28.386 [main] INFO org.springframework.boot.test.context.SpringBootTestContextBootstrapper - Using TestExecutionListeners: [org.springframework.test.context.web.ServletTestExecutionListener@6c3f5566, org.springframework.test.context.support.DirtiesContextBeforeModesTestExecutionListener@12405818, org.springframework.boot.test.autoconfigure.SpringBootDependencyInjectionTestExecutionListener@314c508a, org.springframework.test.context.support.DirtiesContextTestExecutionListener@10b48321, org.springframework.test.context.transaction.TransactionalTestExecutionListener@6b67034, org.springframework.test.context.jdbc.SqlScriptsTestExecutionListener@16267862, org.springframework.boot.test.autoconfigure.web.client.MockRestServiceServerResetTestExecutionListener@453da22c, org.springframework.boot.test.autoconfigure.web.servlet.WebDriverTestExecutionListener@71248c21, org.springframework.boot.test.mock.mockito.MockitoTestExecutionListener@442675e1, org.springframework.boot.test.autoconfigure.web.servlet.MockMvcPrintOnlyOnFailureTestExecutionListener@6166e06f, org.springframework.boot.test.mock.mockito.ResetMocksTestExecutionListener@49e202ad, org.springframework.boot.test.autoconfigure.restdocs.RestDocsTestExecutionListener@1c72da34]
14:58:28.398 [main] DEBUG org.springframework.test.context.junit4.SpringJUnit4ClassRunner - SpringJUnit4ClassRunner constructor called with [class com.stackroute.activitystream.test.UserTest]
14:58:28.399 [main] DEBUG org.springframework.test.context.BootstrapUtils - Instantiating CacheAwareContextLoaderDelegate from class [org.springframework.test.context.cache.DefaultCacheAwareContextLoaderDelegate]
14:58:28.399 [main] DEBUG org.springframework.test.context.BootstrapUtils - Instantiating BootstrapContext using constructor [public org.springframework.test.context.support.DefaultBootstrapContext(java.lang.Class,org.springframework.test.context.CacheAwareContextLoaderDelegate)]
14:58:28.400 [main] DEBUG org.springframework.test.context.BootstrapUtils - Instantiating TestContextBootstrapper for test class [com.stackroute.activitystream.test.UserTest] from class [org.springframework.boot.test.context.SpringBootTestContextBootstrapper]
14:58:28.401 [main] INFO org.springframework.boot.test.context.SpringBootTestContextBootstrapper - Neither @ContextConfiguration nor @ContextHierarchy found for test class [com.stackroute.activitystream.test.UserTest], using SpringBootContextLoader
14:58:28.402 [main] DEBUG org.springframework.test.context.support.AbstractContextLoader - Did not detect default resource location for test class [com.stackroute.activitystream.test.UserTest]: class path resource [com/stackroute/activitystream/test/UserTest-context.xml] does not exist
14:58:28.402 [main] DEBUG org.springframework.test.context.support.AbstractContextLoader - Did not detect default resource location for test class [com.stackroute.activitystream.test.UserTest]: class path resource [com/stackroute/activitystream/test/UserTestContext.groovy] does not exist
14:58:28.403 [main] INFO org.springframework.test.context.support.AbstractContextLoader - Could not detect default resource locations for test class [com.stackroute.activitystream.test.UserTest]: no resource found for suffixes {-context.xml, Context.groovy}.
14:58:28.412 [main] DEBUG org.springframework.test.context.support.ActiveProfilesUtils - Could not find an 'annotation declaring class' for annotation type [org.springframework.test.context.ActiveProfiles] and class [com.stackroute.activitystream.test.UserTest]
14:58:28.415 [main] DEBUG org.springframework.boot.test.context.SpringBootTestContextBootstrapper - @TestExecutionListeners is not present for class [com.stackroute.activitystream.test.UserTest]: using defaults.
14:58:28.418 [main] INFO org.springframework.boot.test.context.SpringBootTestContextBootstrapper - Loaded default TestExecutionListener class names from location [META-INF/spring.factories]: [org.springframework.boot.test.mock.mockito.MockitoTestExecutionListener, org.springframework.boot.test.mock.mockito.ResetMocksTestExecutionListener, org.springframework.boot.test.autoconfigure.restdocs.RestDocsTestExecutionListener, org.springframework.boot.test.autoconfigure.web.client.MockRestServiceServerResetTestExecutionListener, org.springframework.boot.test.autoconfigure.web.servlet.MockMvcPrintOnlyOnFailureTestExecutionListener, org.springframework.boot.test.autoconfigure.web.servlet.WebDriverTestExecutionListener, org.springframework.test.context.web.ServletTestExecutionListener, org.springframework.test.context.support.DirtiesContextBeforeModesTestExecutionListener, org.springframework.test.context.support.DependencyInjectionTestExecutionListener, org.springframework.test.context.support.DirtiesContextTestExecutionListener, org.springframework.test.context.transaction.TransactionalTestExecutionListener, org.springframework.test.context.jdbc.SqlScriptsTestExecutionListener]
14:58:28.422 [main] INFO org.springframework.boot.test.context.SpringBootTestContextBootstrapper - Using TestExecutionListeners: [org.springframework.test.context.web.ServletTestExecutionListener@176d53b2, org.springframework.test.context.support.DirtiesContextBeforeModesTestExecutionListener@971d0d8, org.springframework.boot.test.autoconfigure.SpringBootDependencyInjectionTestExecutionListener@51931956, org.springframework.test.context.support.DirtiesContextTestExecutionListener@2b4a2ec7, org.springframework.test.context.transaction.TransactionalTestExecutionListener@564718df, org.springframework.test.context.jdbc.SqlScriptsTestExecutionListener@51b7e5df, org.springframework.boot.test.autoconfigure.web.client.MockRestServiceServerResetTestExecutionListener@18a70f16, org.springframework.boot.test.autoconfigure.web.servlet.WebDriverTestExecutionListener@62e136d3, org.springframework.boot.test.mock.mockito.MockitoTestExecutionListener@c8e4bb0, org.springframework.boot.test.autoconfigure.web.servlet.MockMvcPrintOnlyOnFailureTestExecutionListener@6279cee3, org.springframework.boot.test.mock.mockito.ResetMocksTestExecutionListener@4206a205, org.springframework.boot.test.autoconfigure.restdocs.RestDocsTestExecutionListener@29ba4338]
14:58:28.426 [main] DEBUG org.springframework.test.annotation.ProfileValueUtils - Retrieved @ProfileValueSourceConfiguration [null] for test class [com.stackroute.activitystream.test.CircleTest]
14:58:28.427 [main] DEBUG org.springframework.test.annotation.ProfileValueUtils - Retrieved ProfileValueSource type [class org.springframework.test.annotation.SystemProfileValueSource] for class [com.stackroute.activitystream.test.CircleTest]
14:58:28.428 [main] DEBUG org.springframework.test.annotation.ProfileValueUtils - Retrieved @ProfileValueSourceConfiguration [null] for test class [com.stackroute.activitystream.test.MessageTest]
14:58:28.428 [main] DEBUG org.springframework.test.annotation.ProfileValueUtils - Retrieved ProfileValueSource type [class org.springframework.test.annotation.SystemProfileValueSource] for class [com.stackroute.activitystream.test.MessageTest]
14:58:28.429 [main] DEBUG org.springframework.test.annotation.ProfileValueUtils - Retrieved @ProfileValueSourceConfiguration [null] for test class [com.stackroute.activitystream.test.UserCircleTest]
14:58:28.429 [main] DEBUG org.springframework.test.annotation.ProfileValueUtils - Retrieved ProfileValueSource type [class org.springframework.test.annotation.SystemProfileValueSource] for class [com.stackroute.activitystream.test.UserCircleTest]
14:58:28.431 [main] DEBUG org.springframework.test.annotation.ProfileValueUtils - Retrieved @ProfileValueSourceConfiguration [null] for test class [com.stackroute.activitystream.test.UserTest]
14:58:28.431 [main] DEBUG org.springframework.test.annotation.ProfileValueUtils - Retrieved ProfileValueSource type [class org.springframework.test.annotation.SystemProfileValueSource] for class [com.stackroute.activitystream.test.UserTest]
14:58:28.435 [main] DEBUG org.springframework.test.context.junit4.SpringJUnit4ClassRunner - SpringJUnit4ClassRunner constructor called with [class com.stackroute.activitystream.test.CircleTest]
14:58:28.436 [main] DEBUG org.springframework.test.context.BootstrapUtils - Instantiating CacheAwareContextLoaderDelegate from class [org.springframework.test.context.cache.DefaultCacheAwareContextLoaderDelegate]
14:58:28.436 [main] DEBUG org.springframework.test.context.BootstrapUtils - Instantiating BootstrapContext using constructor [public org.springframework.test.context.support.DefaultBootstrapContext(java.lang.Class,org.springframework.test.context.CacheAwareContextLoaderDelegate)]
14:58:28.436 [main] DEBUG org.springframework.test.context.BootstrapUtils - Instantiating TestContextBootstrapper for test class [com.stackroute.activitystream.test.CircleTest] from class [org.springframework.boot.test.context.SpringBootTestContextBootstrapper]
14:58:28.437 [main] INFO org.springframework.boot.test.context.SpringBootTestContextBootstrapper - Neither @ContextConfiguration nor @ContextHierarchy found for test class [com.stackroute.activitystream.test.CircleTest], using SpringBootContextLoader
14:58:28.438 [main] DEBUG org.springframework.test.context.support.AbstractContextLoader - Did not detect default resource location for test class [com.stackroute.activitystream.test.CircleTest]: class path resource [com/stackroute/activitystream/test/CircleTest-context.xml] does not exist
14:58:28.439 [main] DEBUG org.springframework.test.context.support.AbstractContextLoader - Did not detect default resource location for test class [com.stackroute.activitystream.test.CircleTest]: class path resource [com/stackroute/activitystream/test/CircleTestContext.groovy] does not exist
14:58:28.439 [main] INFO org.springframework.test.context.support.AbstractContextLoader - Could not detect default resource locations for test class [com.stackroute.activitystream.test.CircleTest]: no resource found for suffixes {-context.xml, Context.groovy}.
14:58:28.449 [main] DEBUG org.springframework.test.context.support.ActiveProfilesUtils - Could not find an 'annotation declaring class' for annotation type [org.springframework.test.context.ActiveProfiles] and class [com.stackroute.activitystream.test.CircleTest]
14:58:28.452 [main] DEBUG org.springframework.boot.test.context.SpringBootTestContextBootstrapper - @TestExecutionListeners is not present for class [com.stackroute.activitystream.test.CircleTest]: using defaults.
14:58:28.458 [main] INFO org.springframework.boot.test.context.SpringBootTestContextBootstrapper - Loaded default TestExecutionListener class names from location [META-INF/spring.factories]: [org.springframework.boot.test.mock.mockito.MockitoTestExecutionListener, org.springframework.boot.test.mock.mockito.ResetMocksTestExecutionListener, org.springframework.boot.test.autoconfigure.restdocs.RestDocsTestExecutionListener, org.springframework.boot.test.autoconfigure.web.client.MockRestServiceServerResetTestExecutionListener, org.springframework.boot.test.autoconfigure.web.servlet.MockMvcPrintOnlyOnFailureTestExecutionListener, org.springframework.boot.test.autoconfigure.web.servlet.WebDriverTestExecutionListener, org.springframework.test.context.web.ServletTestExecutionListener, org.springframework.test.context.support.DirtiesContextBeforeModesTestExecutionListener, org.springframework.test.context.support.DependencyInjectionTestExecutionListener, org.springframework.test.context.support.DirtiesContextTestExecutionListener, org.springframework.test.context.transaction.TransactionalTestExecutionListener, org.springframework.test.context.jdbc.SqlScriptsTestExecutionListener]
14:58:28.464 [main] INFO org.springframework.boot.test.context.SpringBootTestContextBootstrapper - Using TestExecutionListeners: [org.springframework.test.context.web.ServletTestExecutionListener@5af97850, org.springframework.test.context.support.DirtiesContextBeforeModesTestExecutionListener@5ef60048, org.springframework.boot.test.autoconfigure.SpringBootDependencyInjectionTestExecutionListener@1d548a08, org.springframework.test.context.support.DirtiesContextTestExecutionListener@16aa0a0a, org.springframework.test.context.transaction.TransactionalTestExecutionListener@780cb77, org.springframework.test.context.jdbc.SqlScriptsTestExecutionListener@691a7f8f, org.springframework.boot.test.autoconfigure.web.client.MockRestServiceServerResetTestExecutionListener@50a7bc6e, org.springframework.boot.test.autoconfigure.web.servlet.WebDriverTestExecutionListener@161b062a, org.springframework.boot.test.mock.mockito.MockitoTestExecutionListener@17c1bced, org.springframework.boot.test.autoconfigure.web.servlet.MockMvcPrintOnlyOnFailureTestExecutionListener@2d9d4f9d, org.springframework.boot.test.mock.mockito.ResetMocksTestExecutionListener@4034c28c, org.springframework.boot.test.autoconfigure.restdocs.RestDocsTestExecutionListener@e50a6f6]
14:58:28.465 [main] DEBUG org.springframework.test.annotation.ProfileValueUtils - Retrieved @ProfileValueSourceConfiguration [null] for test class [com.stackroute.activitystream.test.CircleTest]
14:58:28.466 [main] DEBUG org.springframework.test.annotation.ProfileValueUtils - Retrieved ProfileValueSource type [class org.springframework.test.annotation.SystemProfileValueSource] for class [com.stackroute.activitystream.test.CircleTest]
14:58:28.467 [main] DEBUG org.springframework.test.annotation.ProfileValueUtils - Retrieved @ProfileValueSourceConfiguration [null] for test class [com.stackroute.activitystream.test.CircleTest]
14:58:28.468 [main] DEBUG org.springframework.test.annotation.ProfileValueUtils - Retrieved ProfileValueSource type [class org.springframework.test.annotation.SystemProfileValueSource] for class [com.stackroute.activitystream.test.CircleTest]
]]></system-out>
  </testcase>
  <testcase name="getCircleByUserTestCase_Fail" classname="com.stackroute.activitystream.test.CircleTest" time="0">
    <skipped/>
  </testcase>
  <testcase name="addCircleTestCase" classname="com.stackroute.activitystream.test.CircleTest" time="0">
    <skipped/>
  </testcase>
  <testcase name="getCircleByUserTestCase_Success" classname="com.stackroute.activitystream.test.CircleTest" time="0">
    <skipped/>
  </testcase>
  <testcase name="getAllCircleTestCase" classname="com.stackroute.activitystream.test.CircleTest" time="0">
    <skipped/>
  </testcase>
  <testcase name="removeCircleTestCase_Success" classname="com.stackroute.activitystream.test.CircleTest" time="0">
    <skipped/>
  </testcase>
</testsuite>