<?xml version="1.0" encoding="UTF-8"?>
<testsuite name="com.stackroute.activitystream.test.UserCircleTest" time="0.001" tests="6" errors="0" skipped="5" failures="0">
  <properties>
[...]
</properties>
  <testcase name="removeUserToCircleTestCase_Success" classname="com.stackroute.activitystream.test.UserCircleTest" time="0">
    <skipped/>
    <system-out><![CDATA[2017-09-01 14:58:41.995  INFO 13140 --- [           main] .b.t.c.SpringBootTestContextBootstrapper : Neither @ContextConfiguration nor @ContextHierarchy found for test class [com.stackroute.activitystream.test.UserCircleTest], using SpringBootContextLoader
2017-09-01 14:58:41.996  INFO 13140 --- [           main] o.s.t.c.support.AbstractContextLoader    : Could not detect default resource locations for test class [com.stackroute.activitystream.test.UserCircleTest]: no resource found for suffixes {-context.xml, Context.groovy}.
2017-09-01 14:58:42.004 DEBUG 13140 --- [           main] .b.t.c.SpringBootTestContextBootstrapper : @TestExecutionListeners is not present for class [com.stackroute.activitystream.test.UserCircleTest]: using defaults.
2017-09-01 14:58:42.008  INFO 13140 --- [           main] .b.t.c.SpringBootTestContextBootstrapper : Loaded default TestExecutionListener class names from location [META-INF/spring.factories]: [org.springframework.boot.test.mock.mockito.MockitoTestExecutionListener, org.springframework.boot.test.mock.mockito.ResetMocksTestExecutionListener, org.springframework.boot.test.autoconfigure.restdocs.RestDocsTestExecutionListener, org.springframework.boot.test.autoconfigure.web.client.MockRestServiceServerResetTestExecutionListener, org.springframework.boot.test.autoconfigure.web.servlet.MockMvcPrintOnlyOnFailureTestExecutionListener, org.springframework.boot.test.autoconfigure.web.servlet.WebDriverTestExecutionListener, org.springframework.test.context.web.ServletTestExecutionListener, org.springframework.test.context.support.DirtiesContextBeforeModesTestExecutionListener, org.springframework.test.context.support.DependencyInjectionTestExecutionListener, org.springframework.test.context.support.DirtiesContextTestExecutionListener, org.springframework.test.context.transaction.TransactionalTestExecutionListener, org.springframework.test.context.jdbc.SqlScriptsTestExecutionListener]
2017-09-01 14:58:42.012  INFO 13140 --- [           main] .b.t.c.SpringBootTestContextBootstrapper : Using TestExecutionListeners: [org.springframework.test.context.web.ServletTestExecutionListener@54286339, org.springframework.test.context.support.DirtiesContextBeforeModesTestExecutionListener@507f47f9, org.springframework.boot.test.autoconfigure.SpringBootDependencyInjectionTestExecutionListener@6785df10, org.springframework.test.context.support.DirtiesContextTestExecutionListener@144440f5, org.springframework.test.context.transaction.TransactionalTestExecutionListener@3e2c8ef, org.springframework.test.context.jdbc.SqlScriptsTestExecutionListener@290807e5, org.springframework.boot.test.autoconfigure.web.client.MockRestServiceServerResetTestExecutionListener@60bc308b, org.springframework.boot.test.autoconfigure.web.servlet.WebDriverTestExecutionListener@56499781, org.springframework.boot.test.mock.mockito.MockitoTestExecutionListener@43f99817, org.springframework.boot.test.autoconfigure.web.servlet.MockMvcPrintOnlyOnFailureTestExecutionListener@2a2798a2, org.springframework.boot.test.mock.mockito.ResetMocksTestExecutionListener@2b9ecd05, org.springframework.boot.test.autoconfigure.restdocs.RestDocsTestExecutionListener@31f1b268]
]]></system-out>
  </testcase>
  <testcase name="removeUserToCircleTestCase_Fail" classname="com.stackroute.activitystream.test.UserCircleTest" time="0.001"/>
  <testcase name="getUserByCircleTestCase_Success" classname="com.stackroute.activitystream.test.UserCircleTest" time="0">
    <skipped/>
  </testcase>
  <testcase name="getUserByCircleTestCase_Failure" classname="com.stackroute.activitystream.test.UserCircleTest" time="0">
    <skipped/>
  </testcase>
  <testcase name="addUserToCircleTestCase_Fail" classname="com.stackroute.activitystream.test.UserCircleTest" time="0">
    <skipped/>
  </testcase>
  <testcase name="addUserToCircleTestCase_Success" classname="com.stackroute.activitystream.test.UserCircleTest" time="0">
    <skipped/>
  </testcase>
</testsuite>