<?xml version="1.0" encoding="UTF-8"?>
<testsuite name="com.stackroute.activitystream.test.UserTest" time="0" tests="13" errors="0" skipped="12" failures="0">
  <properties>
[...]
</properties>
  <testcase name="checkAuthenticationByWrongCredentials" classname="com.stackroute.activitystream.test.UserTest" time="0">
    <skipped/>
    <system-out><![CDATA[2017-09-01 14:58:42.465  INFO 13140 --- [           main] .b.t.c.SpringBootTestContextBootstrapper : Neither @ContextConfiguration nor @ContextHierarchy found for test class [com.stackroute.activitystream.test.UserTest], using SpringBootContextLoader
2017-09-01 14:58:42.467  INFO 13140 --- [           main] o.s.t.c.support.AbstractContextLoader    : Could not detect default resource locations for test class [com.stackroute.activitystream.test.UserTest]: no resource found for suffixes {-context.xml, Context.groovy}.
2017-09-01 14:58:42.477 DEBUG 13140 --- [           main] .b.t.c.SpringBootTestContextBootstrapper : @TestExecutionListeners is not present for class [com.stackroute.activitystream.test.UserTest]: using defaults.
2017-09-01 14:58:42.481  INFO 13140 --- [           main] .b.t.c.SpringBootTestContextBootstrapper : Loaded default TestExecutionListener class names from location [META-INF/spring.factories]: [org.springframework.boot.test.mock.mockito.MockitoTestExecutionListener, org.springframework.boot.test.mock.mockito.ResetMocksTestExecutionListener, org.springframework.boot.test.autoconfigure.restdocs.RestDocsTestExecutionListener, org.springframework.boot.test.autoconfigure.web.client.MockRestServiceServerResetTestExecutionListener, org.springframework.boot.test.autoconfigure.web.servlet.MockMvcPrintOnlyOnFailureTestExecutionListener, org.springframework.boot.test.autoconfigure.web.servlet.WebDriverTestExecutionListener, org.springframework.test.context.web.ServletTestExecutionListener, org.springframework.test.context.support.DirtiesContextBeforeModesTestExecutionListener, org.springframework.test.context.support.DependencyInjectionTestExecutionListener, org.springframework.test.context.support.DirtiesContextTestExecutionListener, org.springframework.test.context.transaction.TransactionalTestExecutionListener, org.springframework.test.context.jdbc.SqlScriptsTestExecutionListener]
2017-09-01 14:58:42.485  INFO 13140 --- [           main] .b.t.c.SpringBootTestContextBootstrapper : Using TestExecutionListeners: [org.springframework.test.context.web.ServletTestExecutionListener@2b62475a, org.springframework.test.context.support.DirtiesContextBeforeModesTestExecutionListener@4990b335, org.springframework.boot.test.autoconfigure.SpringBootDependencyInjectionTestExecutionListener@624d778e, org.springframework.test.context.support.DirtiesContextTestExecutionListener@39ae6408, org.springframework.test.context.transaction.TransactionalTestExecutionListener@cfacf0, org.springframework.test.context.jdbc.SqlScriptsTestExecutionListener@4c8abec7, org.springframework.boot.test.autoconfigure.web.client.MockRestServiceServerResetTestExecutionListener@45f241df, org.springframework.boot.test.autoconfigure.web.servlet.WebDriverTestExecutionListener@f36f34d, org.springframework.boot.test.mock.mockito.MockitoTestExecutionListener@72e36677, org.springframework.boot.test.autoconfigure.web.servlet.MockMvcPrintOnlyOnFailureTestExecutionListener@6b86826a, org.springframework.boot.test.mock.mockito.ResetMocksTestExecutionListener@3c2dda7c, org.springframework.boot.test.autoconfigure.restdocs.RestDocsTestExecutionListener@4b9fa2f]
]]></system-out>
  </testcase>
  <testcase name="userExist_Success" classname="com.stackroute.activitystream.test.UserTest" time="0">
    <skipped/>
  </testcase>
  <testcase name="getUserbyEmailId_Fail" classname="com.stackroute.activitystream.test.UserTest" time="0">
    <skipped/>
  </testcase>
  <testcase name="getUserbyEmailId_Success" classname="com.stackroute.activitystream.test.UserTest" time="0">
    <skipped/>
  </testcase>
  <testcase name="checkAuthentication" classname="com.stackroute.activitystream.test.UserTest" time="0">
    <skipped/>
  </testcase>
  <testcase name="checkAuthentication_Fail" classname="com.stackroute.activitystream.test.UserTest" time="0">
    <skipped/>
  </testcase>
  <testcase name="createUserTestCase" classname="com.stackroute.activitystream.test.UserTest" time="0">
    <skipped/>
  </testcase>
  <testcase name="checkAuthenticationByNullUserName" classname="com.stackroute.activitystream.test.UserTest" time="0">
    <skipped/>
  </testcase>
  <testcase name="updateUser_Success" classname="com.stackroute.activitystream.test.UserTest" time="0">
    <skipped/>
  </testcase>
  <testcase name="getUserList_Success" classname="com.stackroute.activitystream.test.UserTest" time="0"/>
  <testcase name="userExist_Fail" classname="com.stackroute.activitystream.test.UserTest" time="0">
    <skipped/>
  </testcase>
  <testcase name="updateUser_Fail" classname="com.stackroute.activitystream.test.UserTest" time="0">
    <skipped/>
  </testcase>
  <testcase name="checkAuthenticationByNullPassword" classname="com.stackroute.activitystream.test.UserTest" time="0">
    <skipped/>
  </testcase>
</testsuite>